<?xml version="1.0" encoding="UTF-8"?>
<testng-results total="9" passed="9" failed="0" skipped="0">
  <reporter-output>
  </reporter-output>
  <suite started-at="2022-07-18T11:10:48Z" name="Suite" finished-at="2022-07-18T11:10:48Z" duration-ms="89">
    <groups>
    </groups>
    <test started-at="2022-07-18T11:10:48Z" name="Test" finished-at="2022-07-18T11:10:48Z" duration-ms="89">
      <class name="com.Practies.PractiesTest">
        <test-method signature="Test1()[pri:0, instance:com.Practies.PractiesTest@4ddbbdf8]" started-at="2022-07-18T16:40:48Z" name="Test1" finished-at="2022-07-18T16:40:48Z" duration-ms="2" status="PASS">
          <reporter-output>
          </reporter-output>
        </test-method> <!-- Test1 -->
        <test-method signature="Test2()[pri:0, instance:com.Practies.PractiesTest@4ddbbdf8]" started-at="2022-07-18T16:40:48Z" name="Test2" finished-at="2022-07-18T16:40:48Z" duration-ms="3" status="PASS">
          <reporter-output>
          </reporter-output>
        </test-method> <!-- Test2 -->
        <test-method signature="test()[pri:1, instance:com.Practies.PractiesTest@4ddbbdf8]" started-at="2022-07-18T16:40:48Z" name="test" finished-at="2022-07-18T16:40:48Z" duration-ms="1" status="PASS">
          <reporter-output>
          </reporter-output>
        </test-method> <!-- test -->
      </class> <!-- com.Practies.PractiesTest -->
      <class name="com.Practies.PractiesTest2">
        <test-method signature="test()[pri:0, instance:com.Practies.PractiesTest2@71329995]" started-at="2022-07-18T16:40:48Z" name="test" finished-at="2022-07-18T16:40:48Z" duration-ms="22" status="PASS">
          <reporter-output>
          </reporter-output>
        </test-method> <!-- test -->
        <test-method signature="test1()[pri:0, instance:com.Practies.PractiesTest2@71329995]" started-at="2022-07-18T16:40:48Z" name="test1" finished-at="2022-07-18T16:40:48Z" duration-ms="2" status="PASS">
          <reporter-output>
          </reporter-output>
        </test-method> <!-- test1 -->
        <test-method signature="test2()[pri:0, instance:com.Practies.PractiesTest2@71329995]" started-at="2022-07-18T16:40:48Z" name="test2" finished-at="2022-07-18T16:40:48Z" duration-ms="2" status="PASS">
          <reporter-output>
          </reporter-output>
        </test-method> <!-- test2 -->
      </class> <!-- com.Practies.PractiesTest2 -->
      <class name="com.Practies.PractiesTest1">
        <test-method signature="test()[pri:0, instance:com.Practies.PractiesTest1@455b6df1]" started-at="2022-07-18T16:40:48Z" name="test" finished-at="2022-07-18T16:40:48Z" duration-ms="2" status="PASS">
          <reporter-output>
          </reporter-output>
        </test-method> <!-- test -->
        <test-method signature="test1()[pri:0, instance:com.Practies.PractiesTest1@455b6df1]" started-at="2022-07-18T16:40:48Z" name="test1" finished-at="2022-07-18T16:40:48Z" duration-ms="4" status="PASS">
          <reporter-output>
          </reporter-output>
        </test-method> <!-- test1 -->
        <test-method signature="test2()[pri:0, instance:com.Practies.PractiesTest1@455b6df1]" started-at="2022-07-18T16:40:48Z" name="test2" finished-at="2022-07-18T16:40:48Z" duration-ms="3" status="PASS">
          <reporter-output>
          </reporter-output>
        </test-method> <!-- test2 -->
      </class> <!-- com.Practies.PractiesTest1 -->
    </test> <!-- Test -->
  </suite> <!-- Suite -->
</testng-results>
