<?xml version="1.0" encoding="UTF-8"?>
<testng-results total="1" passed="1" failed="0" skipped="0">
  <reporter-output>
  </reporter-output>
  <suite started-at="2022-07-20T10:51:27Z" name="Suite" finished-at="2022-07-20T10:51:27Z" duration-ms="38">
    <groups>
    </groups>
    <test started-at="2022-07-20T10:51:27Z" name="Test" finished-at="2022-07-20T10:51:27Z" duration-ms="38">
      <class name="com.readDataFromCommand.ToReadTheDataFromCommandTest">
        <test-method signature="accessData()[pri:0, instance:com.readDataFromCommand.ToReadTheDataFromCommandTest@301eda63]" started-at="2022-07-20T16:21:27Z" name="accessData" finished-at="2022-07-20T16:21:27Z" duration-ms="17" status="PASS">
          <reporter-output>
          </reporter-output>
        </test-method> <!-- accessData -->
      </class> <!-- com.readDataFromCommand.ToReadTheDataFromCommandTest -->
    </test> <!-- Test -->
  </suite> <!-- Suite -->
</testng-results>
