<?xml version="1.0" encoding="UTF-8"?>
<!-- Generated by org.testng.reporters.JUnitXMLReporter -->
<testsuite hostname="DESKTOP-7V04JF6" failures="0" tests="9" name="Test" time="0.089" errors="0" timestamp="18 Jul 2022 11:10:48 GMT">
  <testcase classname="com.Practies.PractiesTest2" name="test" time="0.022"/>
  <testcase classname="com.Practies.PractiesTest2" name="test1" time="0.002"/>
  <testcase classname="com.Practies.PractiesTest2" name="test2" time="0.002"/>
  <testcase classname="com.Practies.PractiesTest1" name="test" time="0.002"/>
  <testcase classname="com.Practies.PractiesTest1" name="test1" time="0.004"/>
  <testcase classname="com.Practies.PractiesTest1" name="test2" time="0.003"/>
  <testcase classname="com.Practies.PractiesTest" name="Test1" time="0.002"/>
  <testcase classname="com.Practies.PractiesTest" name="Test2" time="0.003"/>
  <testcase classname="com.Practies.PractiesTest" name="test" time="0.001"/>
</testsuite> <!-- Test -->
